2025-03-05 13:12:30,939 - messaging - INFO - performance_logger.py:20 - LATENCY: rabbitmq_connection took 161.33ms
2025-03-05 13:12:30,941 - messaging - INFO - subscriber.py:81 - Successfully connected to RabbitMQ
2025-03-05 13:12:30,972 - messaging - INFO - subscriber.py:121 - Started consuming messages from RabbitMQ
2025-03-05 13:49:49,928 - messaging - INFO - subscriber.py:97 - Received move: {'from_square': 'e7', 'to_square': 'e6', 'message_id': '8e0f2464', 'timestamp': 1741182589.9268227}
2025-03-05 13:49:49,931 - messaging - INFO - performance_logger.py:20 - LATENCY: message_delivery took 5.11ms
2025-03-05 13:50:24,406 - messaging - INFO - performance_logger.py:31 - MOVE: e7e6 SUCCESS (planning: 0.00ms, execution: 34392.77ms)
2025-03-05 13:51:39,081 - messaging - INFO - subscriber.py:97 - Received move: {'from_square': 'b8', 'to_square': 'c6', 'message_id': '561892f7', 'timestamp': 1741182699.0786803}
2025-03-05 13:51:39,081 - messaging - INFO - performance_logger.py:20 - LATENCY: message_delivery took 3.07ms
2025-03-05 13:52:02,163 - messaging - INFO - performance_logger.py:31 - MOVE: b8c6 SUCCESS (planning: 0.00ms, execution: 23018.67ms)
2025-03-05 13:54:59,260 - messaging - INFO - subscriber.py:97 - Received move: {'from_square': 'e7', 'to_square': 'e6', 'message_id': '87441843', 'timestamp': 1741182899.2555792}
2025-03-05 13:54:59,261 - messaging - INFO - performance_logger.py:20 - LATENCY: message_delivery took 6.28ms
2025-03-05 13:54:59,290 - messaging - INFO - subscriber.py:97 - Received move: {'from_square': 'b8', 'to_square': 'c6', 'message_id': '99d86c23', 'timestamp': 1741182899.2562473}
2025-03-05 13:54:59,290 - messaging - INFO - performance_logger.py:20 - LATENCY: message_delivery took 34.47ms
2025-03-05 13:55:21,591 - messaging - INFO - performance_logger.py:31 - MOVE: e7e6 SUCCESS (planning: 0.00ms, execution: 22233.24ms)
2025-03-05 13:55:45,015 - messaging - INFO - performance_logger.py:31 - MOVE: b8c6 SUCCESS (planning: 0.00ms, execution: 23322.74ms)
2025-03-05 13:58:32,471 - messaging - INFO - subscriber.py:97 - Received move: {'from_square': 'e7', 'to_square': 'e6', 'message_id': '34c992bb', 'timestamp': 1741183112.4682498}
2025-03-05 13:58:32,472 - messaging - INFO - performance_logger.py:20 - LATENCY: message_delivery took 4.05ms
2025-03-05 13:58:32,473 - messaging - INFO - subscriber.py:97 - Received move: {'from_square': 'b8', 'to_square': 'c6', 'message_id': '8afc8d30', 'timestamp': 1741183112.47026}
2025-03-05 13:58:32,474 - messaging - INFO - performance_logger.py:20 - LATENCY: message_delivery took 3.91ms
2025-03-05 13:58:32,475 - messaging - INFO - subscriber.py:97 - Received move: {'from_square': 'd7', 'to_square': 'd5', 'message_id': '72b0d4ee', 'timestamp': 1741183112.4712667}
2025-03-05 13:58:32,476 - messaging - INFO - performance_logger.py:20 - LATENCY: message_delivery took 5.00ms
2025-03-05 13:58:48,667 - messaging - INFO - subscriber.py:97 - Received move: {'from_square': 'g7', 'to_square': 'g6', 'message_id': 'efd256c7', 'timestamp': 1741183128.6654055}
2025-03-05 13:58:48,668 - messaging - INFO - performance_logger.py:20 - LATENCY: message_delivery took 2.74ms
2025-03-05 13:58:48,675 - messaging - INFO - subscriber.py:97 - Received move: {'from_square': 'h7', 'to_square': 'h6', 'message_id': 'e4a57dd5', 'timestamp': 1741183128.6664858}
2025-03-05 13:58:48,676 - messaging - INFO - performance_logger.py:20 - LATENCY: message_delivery took 9.61ms
2025-03-05 13:58:55,394 - messaging - INFO - performance_logger.py:31 - MOVE: e7e6 SUCCESS (planning: 0.00ms, execution: 22857.03ms)
2025-03-05 13:58:59,356 - messaging - INFO - subscriber.py:97 - Received move: {'from_square': 'g6', 'to_square': 'g5', 'message_id': '38dc5b45', 'timestamp': 1741183139.339947}
2025-03-05 13:58:59,361 - messaging - INFO - performance_logger.py:20 - LATENCY: message_delivery took 21.99ms
2025-03-05 13:59:04,683 - messaging - INFO - subscriber.py:97 - Received move: {'from_square': 'h6', 'to_square': 'h5', 'message_id': '5b94c43f', 'timestamp': 1741183144.6784732}
2025-03-05 13:59:04,684 - messaging - INFO - performance_logger.py:20 - LATENCY: message_delivery took 5.92ms
2025-03-05 13:59:18,793 - messaging - INFO - performance_logger.py:31 - MOVE: b8c6 SUCCESS (planning: 0.00ms, execution: 23297.91ms)
2025-03-05 13:59:41,377 - messaging - INFO - performance_logger.py:31 - MOVE: d7d5 SUCCESS (planning: 0.00ms, execution: 22481.63ms)
2025-03-05 14:00:04,977 - messaging - INFO - performance_logger.py:31 - MOVE: g7g6 SUCCESS (planning: 0.00ms, execution: 23498.91ms)
2025-03-05 14:00:55,510 - messaging - INFO - performance_logger.py:31 - MOVE: h7h6 SUCCESS (planning: 0.00ms, execution: 50429.79ms)
2025-03-05 14:00:56,760 - messaging - INFO - subscriber.py:97 - Received move: {'from_square': 'h4', 'to_square': 'xx', 'message_id': '9b525e42', 'timestamp': 1741183256.7506633}
2025-03-05 14:00:56,761 - messaging - INFO - performance_logger.py:20 - LATENCY: message_delivery took 10.52ms
2025-03-05 14:00:56,777 - messaging - INFO - subscriber.py:97 - Received move: {'from_square': 'g5', 'to_square': 'h4', 'message_id': '9fe370bd', 'timestamp': 1741183256.7522624}
2025-03-05 14:00:56,782 - messaging - INFO - performance_logger.py:20 - LATENCY: message_delivery took 30.31ms
2025-03-05 14:01:45,656 - messaging - INFO - performance_logger.py:31 - MOVE: g6g5 SUCCESS (planning: 0.00ms, execution: 50045.58ms)
2025-03-05 14:02:35,712 - messaging - INFO - performance_logger.py:31 - MOVE: h6h5 SUCCESS (planning: 0.00ms, execution: 49955.01ms)
2025-03-05 14:02:58,686 - messaging - INFO - performance_logger.py:31 - MOVE: h4xx SUCCESS (planning: 0.00ms, execution: 22872.50ms)
2025-03-05 14:04:14,300 - messaging - INFO - performance_logger.py:31 - MOVE: g5h4 SUCCESS (planning: 0.00ms, execution: 75513.32ms)
2025-03-05 14:16:42,180 - messaging - INFO - subscriber.py:97 - Received move: {'from_square': 'e7', 'to_square': 'e6', 'message_id': '6a806818', 'timestamp': 1741184202.178023}
2025-03-05 14:16:42,181 - messaging - INFO - performance_logger.py:20 - LATENCY: message_delivery took 3.24ms
2025-03-05 14:16:42,183 - messaging - INFO - subscriber.py:97 - Received move: {'from_square': 'b8', 'to_square': 'c6', 'message_id': 'c3a77988', 'timestamp': 1741184202.1790545}
2025-03-05 14:16:42,184 - messaging - INFO - performance_logger.py:20 - LATENCY: message_delivery took 5.10ms
2025-03-05 14:16:42,187 - messaging - INFO - subscriber.py:97 - Received move: {'from_square': 'd7', 'to_square': 'd5', 'message_id': '3d4195d7', 'timestamp': 1741184202.1796253}
2025-03-05 14:16:42,188 - messaging - INFO - performance_logger.py:20 - LATENCY: message_delivery took 8.31ms
2025-03-05 14:16:42,191 - messaging - INFO - subscriber.py:97 - Received move: {'from_square': 'g7', 'to_square': 'g6', 'message_id': 'dd7fa8e5', 'timestamp': 1741184202.1806743}
2025-03-05 14:16:42,191 - messaging - INFO - performance_logger.py:20 - LATENCY: message_delivery took 10.92ms
2025-03-05 14:16:42,195 - messaging - INFO - subscriber.py:97 - Received move: {'from_square': 'h7', 'to_square': 'h6', 'message_id': 'deb005d9', 'timestamp': 1741184202.1827822}
2025-03-05 14:16:42,196 - messaging - INFO - performance_logger.py:20 - LATENCY: message_delivery took 13.40ms
2025-03-05 14:16:42,204 - messaging - INFO - subscriber.py:97 - Received move: {'from_square': 'g6', 'to_square': 'g5', 'message_id': '660037b8', 'timestamp': 1741184202.1834364}
2025-03-05 14:16:42,205 - messaging - INFO - performance_logger.py:20 - LATENCY: message_delivery took 21.95ms
2025-03-05 14:16:42,221 - messaging - INFO - subscriber.py:97 - Received move: {'from_square': 'h6', 'to_square': 'h5', 'message_id': '949b6c2f', 'timestamp': 1741184202.1844864}
2025-03-05 14:16:42,222 - messaging - INFO - performance_logger.py:20 - LATENCY: message_delivery took 37.89ms
2025-03-05 14:16:42,229 - messaging - INFO - subscriber.py:97 - Received move: {'from_square': 'h4', 'to_square': 'xx', 'message_id': '4fc40855', 'timestamp': 1741184202.1856666}
2025-03-05 14:16:42,229 - messaging - INFO - performance_logger.py:20 - LATENCY: message_delivery took 44.17ms
2025-03-05 14:16:42,231 - messaging - INFO - subscriber.py:97 - Received move: {'from_square': 'g5', 'to_square': 'h4', 'message_id': 'd3cfa54f', 'timestamp': 1741184202.1861937}
2025-03-05 14:16:42,232 - messaging - INFO - performance_logger.py:20 - LATENCY: message_delivery took 46.32ms
2025-03-05 14:17:36,334 - messaging - INFO - subscriber.py:184 - RabbitMQ connection closed
