2025-03-05 14:45:18,998 - messaging - INFO - performance_logger.py:20 - LATENCY: rabbitmq_connection took 34.22ms
2025-03-05 14:45:19,001 - messaging - INFO - subscriber.py:81 - Successfully connected to RabbitMQ
2025-03-05 14:45:19,027 - messaging - INFO - subscriber.py:121 - Started consuming messages from RabbitMQ
2025-03-05 14:46:01,017 - messaging - INFO - subscriber.py:97 - Received move: {'from_square': 'g8', 'to_square': 'h6', 'message_id': 'de8ac690', 'timestamp': 1741185961.0135422}
2025-03-05 14:46:01,018 - messaging - INFO - performance_logger.py:20 - LATENCY: message_delivery took 4.79ms
2025-03-05 14:46:01,033 - messaging - INFO - subscriber.py:97 - Received move: {'from_square': 'f7', 'to_square': 'f5', 'message_id': '569d4342', 'timestamp': 1741185961.016892}
2025-03-05 14:46:01,034 - messaging - INFO - performance_logger.py:20 - LATENCY: message_delivery took 17.62ms
2025-03-05 14:46:01,365 - messaging - INFO - performance_logger.py:31 - MOVE: g8h6 FAILURE
2025-03-05 14:46:01,365 - messaging - ERROR - performance_logger.py:35 - ERROR: movement - execution_failure: Move g8h6
2025-03-05 14:46:01,673 - messaging - INFO - performance_logger.py:31 - MOVE: f7f5 FAILURE
2025-03-05 14:46:01,673 - messaging - ERROR - performance_logger.py:35 - ERROR: movement - execution_failure: Move f7f5
2025-03-05 14:49:01,098 - messaging - INFO - subscriber.py:97 - Received move: {'from_square': 'g8', 'to_square': 'h6', 'message_id': '322aef9c', 'timestamp': 1741186141.0956147}
2025-03-05 14:49:01,100 - messaging - INFO - performance_logger.py:20 - LATENCY: message_delivery took 4.70ms
2025-03-05 14:49:01,106 - messaging - INFO - subscriber.py:97 - Received move: {'from_square': 'f7', 'to_square': 'f5', 'message_id': 'b49dc69f', 'timestamp': 1741186141.096922}
2025-03-05 14:49:01,106 - messaging - INFO - performance_logger.py:20 - LATENCY: message_delivery took 9.97ms
2025-03-05 14:49:01,454 - messaging - INFO - performance_logger.py:31 - MOVE: g8h6 FAILURE (planning: 0.00ms, execution: 245.07ms)
2025-03-05 14:49:01,455 - messaging - ERROR - performance_logger.py:35 - ERROR: movement - execution_failure: Move g8h6
2025-03-05 14:49:01,792 - messaging - INFO - performance_logger.py:31 - MOVE: f7f5 FAILURE (planning: 0.00ms, execution: 235.84ms)
2025-03-05 14:49:01,792 - messaging - ERROR - performance_logger.py:35 - ERROR: movement - execution_failure: Move f7f5
2025-03-05 14:49:46,321 - messaging - INFO - subscriber.py:97 - Received move: {'from_square': 'g8', 'to_square': 'h6', 'message_id': 'd3b15053', 'timestamp': 1741186186.3148155}
2025-03-05 14:49:46,335 - messaging - INFO - performance_logger.py:20 - LATENCY: message_delivery took 20.26ms
2025-03-05 14:49:46,351 - messaging - INFO - subscriber.py:97 - Received move: {'from_square': 'f7', 'to_square': 'f5', 'message_id': '813665dc', 'timestamp': 1741186186.3164322}
2025-03-05 14:49:46,352 - messaging - INFO - performance_logger.py:20 - LATENCY: message_delivery took 35.86ms
2025-03-05 14:49:46,659 - messaging - INFO - performance_logger.py:31 - MOVE: g8h6 FAILURE (planning: 0.00ms, execution: 200.33ms)
2025-03-05 14:49:46,659 - messaging - ERROR - performance_logger.py:35 - ERROR: movement - execution_failure: Move g8h6
2025-03-05 14:49:47,024 - messaging - INFO - performance_logger.py:31 - MOVE: f7f5 FAILURE (planning: 0.00ms, execution: 263.15ms)
2025-03-05 14:49:47,024 - messaging - ERROR - performance_logger.py:35 - ERROR: movement - execution_failure: Move f7f5
2025-03-05 14:52:04,721 - messaging - INFO - subscriber.py:97 - Received move: {'from_square': 'g8', 'to_square': 'h6', 'message_id': '403559f8', 'timestamp': 1741186324.718595}
2025-03-05 14:52:04,722 - messaging - INFO - performance_logger.py:20 - LATENCY: message_delivery took 3.62ms
2025-03-05 14:52:04,729 - messaging - INFO - subscriber.py:97 - Received move: {'from_square': 'f7', 'to_square': 'f5', 'message_id': '53231401', 'timestamp': 1741186324.72012}
2025-03-05 14:52:04,734 - messaging - INFO - performance_logger.py:20 - LATENCY: message_delivery took 14.72ms
2025-03-05 14:52:04,997 - messaging - INFO - performance_logger.py:31 - MOVE: g8h6 FAILURE
2025-03-05 14:52:04,997 - messaging - ERROR - performance_logger.py:35 - ERROR: movement - execution_failure: Move g8h6
2025-03-05 14:52:05,324 - messaging - INFO - performance_logger.py:31 - MOVE: f7f5 FAILURE (planning: 0.00ms, execution: 225.77ms)
2025-03-05 14:52:05,324 - messaging - ERROR - performance_logger.py:35 - ERROR: movement - execution_failure: Move f7f5
2025-03-05 14:52:12,257 - messaging - ERROR - subscriber.py:187 - Error during cleanup: Stream connection lost: IndexError('pop from an empty deque')
2025-03-05 14:52:12,257 - messaging - ERROR - subscriber.py:125 - RabbitMQ consuming error: 'NoneType' object has no attribute 'clear'
