2025-03-05 14:18:38,737 - messaging - INFO - performance_logger.py:20 - LATENCY: rabbitmq_connection took 40.30ms
2025-03-05 14:18:38,739 - messaging - INFO - subscriber.py:81 - Successfully connected to RabbitMQ
2025-03-05 14:18:38,769 - messaging - INFO - subscriber.py:121 - Started consuming messages from RabbitMQ
2025-03-05 14:19:00,418 - messaging - INFO - subscriber.py:97 - Received move: {'from_square': 'e7', 'to_square': 'e6', 'message_id': '11bba046', 'timestamp': 1741184340.4154434}
2025-03-05 14:19:00,420 - messaging - INFO - performance_logger.py:20 - LATENCY: message_delivery took 4.66ms
2025-03-05 14:19:00,441 - messaging - INFO - subscriber.py:97 - Received move: {'from_square': 'b8', 'to_square': 'c6', 'message_id': 'db63edcd', 'timestamp': 1741184340.4169805}
2025-03-05 14:19:00,441 - messaging - INFO - performance_logger.py:20 - LATENCY: message_delivery took 24.75ms
2025-03-05 14:19:00,443 - messaging - INFO - subscriber.py:97 - Received move: {'from_square': 'd7', 'to_square': 'd5', 'message_id': '10ebc997', 'timestamp': 1741184340.4175177}
2025-03-05 14:19:00,456 - messaging - INFO - performance_logger.py:20 - LATENCY: message_delivery took 38.50ms
2025-03-05 14:19:00,461 - messaging - INFO - subscriber.py:97 - Received move: {'from_square': 'g7', 'to_square': 'g6', 'message_id': '05a9a142', 'timestamp': 1741184340.4193983}
2025-03-05 14:19:00,461 - messaging - INFO - performance_logger.py:20 - LATENCY: message_delivery took 42.47ms
2025-03-05 14:19:00,464 - messaging - INFO - subscriber.py:97 - Received move: {'from_square': 'h7', 'to_square': 'h6', 'message_id': 'fd7b30e2', 'timestamp': 1741184340.4209733}
2025-03-05 14:19:00,465 - messaging - INFO - performance_logger.py:20 - LATENCY: message_delivery took 44.01ms
2025-03-05 14:19:00,469 - messaging - INFO - subscriber.py:97 - Received move: {'from_square': 'g6', 'to_square': 'g5', 'message_id': '73ebc89b', 'timestamp': 1741184340.4226654}
2025-03-05 14:19:00,469 - messaging - INFO - performance_logger.py:20 - LATENCY: message_delivery took 46.69ms
2025-03-05 14:19:00,474 - messaging - INFO - subscriber.py:97 - Received move: {'from_square': 'h6', 'to_square': 'h5', 'message_id': '9de6478c', 'timestamp': 1741184340.4231844}
2025-03-05 14:19:00,474 - messaging - INFO - performance_logger.py:20 - LATENCY: message_delivery took 51.47ms
2025-03-05 14:19:00,491 - messaging - INFO - subscriber.py:97 - Received move: {'from_square': 'h4', 'to_square': 'xx', 'message_id': '5e86d983', 'timestamp': 1741184340.424226}
2025-03-05 14:19:00,492 - messaging - INFO - performance_logger.py:20 - LATENCY: message_delivery took 67.92ms
2025-03-05 14:19:00,515 - messaging - INFO - subscriber.py:97 - Received move: {'from_square': 'g5', 'to_square': 'h4', 'message_id': 'b5bc406b', 'timestamp': 1741184340.4252884}
2025-03-05 14:19:00,516 - messaging - INFO - performance_logger.py:20 - LATENCY: message_delivery took 91.42ms
2025-03-05 14:19:19,597 - messaging - INFO - performance_logger.py:31 - MOVE: e7e6 SUCCESS (planning: 0.00ms, execution: 19138.06ms)
2025-03-05 14:19:35,272 - messaging - INFO - performance_logger.py:31 - MOVE: b8c6 SUCCESS (planning: 0.00ms, execution: 15574.00ms)
2025-03-05 14:19:50,586 - messaging - INFO - performance_logger.py:31 - MOVE: d7d5 SUCCESS (planning: 0.00ms, execution: 15212.34ms)
2025-03-05 14:20:06,958 - messaging - INFO - performance_logger.py:31 - MOVE: g7g6 SUCCESS (planning: 0.00ms, execution: 16271.04ms)
2025-03-05 14:20:31,752 - messaging - INFO - performance_logger.py:31 - MOVE: h7h6 SUCCESS (planning: 0.00ms, execution: 24691.93ms)
2025-03-05 14:20:57,303 - messaging - INFO - performance_logger.py:31 - MOVE: g6g5 SUCCESS (planning: 0.00ms, execution: 25449.54ms)
2025-03-05 14:21:21,923 - messaging - INFO - performance_logger.py:31 - MOVE: h6h5 SUCCESS (planning: 0.00ms, execution: 24519.78ms)
2025-03-05 14:21:37,709 - messaging - INFO - performance_logger.py:31 - MOVE: h4xx SUCCESS (planning: 0.00ms, execution: 15684.04ms)
2025-03-05 14:22:12,165 - messaging - INFO - performance_logger.py:31 - MOVE: g5h4 SUCCESS (planning: 0.00ms, execution: 34354.90ms)
2025-03-05 14:26:47,196 - messaging - INFO - subscriber.py:97 - Received move: {'from_square': 'e7', 'to_square': 'e6', 'message_id': '2c281e53', 'timestamp': 1741184807.1943328}
2025-03-05 14:26:47,199 - messaging - INFO - performance_logger.py:20 - LATENCY: message_delivery took 4.94ms
2025-03-05 14:26:47,214 - messaging - INFO - subscriber.py:97 - Received move: {'from_square': 'b8', 'to_square': 'c6', 'message_id': 'ebf0a99e', 'timestamp': 1741184807.1966815}
2025-03-05 14:26:47,215 - messaging - INFO - performance_logger.py:20 - LATENCY: message_delivery took 18.91ms
2025-03-05 14:26:47,222 - messaging - INFO - subscriber.py:97 - Received move: {'from_square': 'd7', 'to_square': 'd5', 'message_id': '4ebbfd00', 'timestamp': 1741184807.1977208}
2025-03-05 14:26:47,223 - messaging - INFO - performance_logger.py:20 - LATENCY: message_delivery took 25.72ms
2025-03-05 14:26:47,225 - messaging - INFO - subscriber.py:97 - Received move: {'from_square': 'g7', 'to_square': 'g6', 'message_id': 'cef66c51', 'timestamp': 1741184807.1993334}
2025-03-05 14:26:47,225 - messaging - INFO - performance_logger.py:20 - LATENCY: message_delivery took 26.53ms
2025-03-05 14:26:47,228 - messaging - INFO - subscriber.py:97 - Received move: {'from_square': 'h7', 'to_square': 'h6', 'message_id': 'c9c30a0e', 'timestamp': 1741184807.2002683}
2025-03-05 14:26:47,228 - messaging - INFO - performance_logger.py:20 - LATENCY: message_delivery took 28.28ms
2025-03-05 14:26:47,229 - messaging - INFO - subscriber.py:97 - Received move: {'from_square': 'g6', 'to_square': 'g5', 'message_id': '352c25c7', 'timestamp': 1741184807.201434}
2025-03-05 14:26:47,230 - messaging - INFO - performance_logger.py:20 - LATENCY: message_delivery took 28.89ms
2025-03-05 14:26:47,232 - messaging - INFO - subscriber.py:97 - Received move: {'from_square': 'h6', 'to_square': 'h5', 'message_id': '1d036cbd', 'timestamp': 1741184807.202462}
2025-03-05 14:26:47,232 - messaging - INFO - performance_logger.py:20 - LATENCY: message_delivery took 30.11ms
2025-03-05 14:26:47,234 - messaging - INFO - subscriber.py:97 - Received move: {'from_square': 'h4', 'to_square': 'xx', 'message_id': '8db53a71', 'timestamp': 1741184807.20599}
2025-03-05 14:26:47,234 - messaging - INFO - performance_logger.py:20 - LATENCY: message_delivery took 28.75ms
2025-03-05 14:26:47,238 - messaging - INFO - subscriber.py:97 - Received move: {'from_square': 'g5', 'to_square': 'h4', 'message_id': 'c6116823', 'timestamp': 1741184807.20765}
2025-03-05 14:26:47,238 - messaging - INFO - performance_logger.py:20 - LATENCY: message_delivery took 31.28ms
2025-03-05 14:27:06,630 - messaging - INFO - performance_logger.py:31 - MOVE: e7e6 SUCCESS (planning: 0.00ms, execution: 19352.63ms)
2025-03-05 14:27:22,511 - messaging - INFO - performance_logger.py:31 - MOVE: b8c6 SUCCESS (planning: 0.00ms, execution: 15778.40ms)
2025-03-05 14:27:38,124 - messaging - INFO - performance_logger.py:31 - MOVE: d7d5 SUCCESS (planning: 0.00ms, execution: 15511.68ms)
2025-03-05 14:27:54,663 - messaging - INFO - performance_logger.py:31 - MOVE: g7g6 SUCCESS (planning: 0.00ms, execution: 16437.57ms)
2025-03-05 14:28:19,615 - messaging - INFO - performance_logger.py:31 - MOVE: h7h6 SUCCESS
2025-03-05 14:28:44,958 - messaging - INFO - performance_logger.py:31 - MOVE: g6g5 SUCCESS (planning: 0.00ms, execution: 25241.15ms)
2025-03-05 14:29:09,466 - messaging - INFO - performance_logger.py:31 - MOVE: h6h5 SUCCESS (planning: 0.00ms, execution: 24407.16ms)
2025-03-05 14:29:24,693 - messaging - INFO - performance_logger.py:31 - MOVE: h4xx SUCCESS (planning: 0.00ms, execution: 15125.80ms)
2025-03-05 14:29:58,328 - messaging - INFO - performance_logger.py:31 - MOVE: g5h4 SUCCESS
2025-03-05 14:33:17,377 - messaging - INFO - subscriber.py:97 - Received move: {'from_square': 'g8', 'to_square': 'h6', 'message_id': '00ad79ad', 'timestamp': 1741185197.3651733}
2025-03-05 14:33:17,379 - messaging - INFO - performance_logger.py:20 - LATENCY: message_delivery took 14.52ms
2025-03-05 14:33:17,398 - messaging - INFO - subscriber.py:97 - Received move: {'from_square': 'f7', 'to_square': 'f5', 'message_id': '113f9c6d', 'timestamp': 1741185197.3671856}
2025-03-05 14:33:17,401 - messaging - INFO - performance_logger.py:20 - LATENCY: message_delivery took 33.77ms
2025-03-05 14:33:55,269 - messaging - INFO - performance_logger.py:31 - MOVE: g8h6 SUCCESS (planning: 0.00ms, execution: 37775.41ms)
2025-03-05 14:34:20,059 - messaging - INFO - performance_logger.py:31 - MOVE: f7f5 SUCCESS (planning: 0.00ms, execution: 24688.94ms)
2025-03-05 14:35:01,163 - messaging - INFO - subscriber.py:97 - Received move: {'from_square': 'g8', 'to_square': 'h6', 'message_id': 'e022cba9', 'timestamp': 1741185301.1581843}
2025-03-05 14:35:01,164 - messaging - INFO - performance_logger.py:20 - LATENCY: message_delivery took 6.13ms
2025-03-05 14:35:01,166 - messaging - INFO - subscriber.py:97 - Received move: {'from_square': 'f7', 'to_square': 'f5', 'message_id': 'cf21a5e8', 'timestamp': 1741185301.1581843}
2025-03-05 14:35:01,167 - messaging - INFO - performance_logger.py:20 - LATENCY: message_delivery took 8.88ms
2025-03-05 14:35:31,325 - messaging - INFO - performance_logger.py:31 - MOVE: g8h6 SUCCESS (planning: 0.00ms, execution: 30127.55ms)
2025-03-05 14:35:56,487 - messaging - INFO - performance_logger.py:31 - MOVE: f7f5 SUCCESS (planning: 0.00ms, execution: 25060.48ms)
2025-03-05 14:43:26,642 - messaging - INFO - subscriber.py:97 - Received move: {'from_square': 'g8', 'to_square': 'h6', 'message_id': '285a5ea8', 'timestamp': 1741185806.6383684}
2025-03-05 14:43:26,643 - messaging - INFO - performance_logger.py:20 - LATENCY: message_delivery took 5.48ms
2025-03-05 14:43:26,656 - messaging - INFO - subscriber.py:97 - Received move: {'from_square': 'f7', 'to_square': 'f5', 'message_id': 'a5b6d0e1', 'timestamp': 1741185806.6388867}
2025-03-05 14:43:26,662 - messaging - INFO - performance_logger.py:20 - LATENCY: message_delivery took 23.61ms
2025-03-05 14:44:04,954 - messaging - INFO - performance_logger.py:31 - MOVE: g8h6 SUCCESS (planning: 0.00ms, execution: 38285.70ms)
2025-03-05 14:44:29,416 - messaging - INFO - performance_logger.py:31 - MOVE: f7f5 SUCCESS (planning: 0.00ms, execution: 24354.87ms)
2025-03-05 14:45:13,980 - messaging - ERROR - subscriber.py:187 - Error during cleanup: Stream connection lost: IndexError('pop from an empty deque')
